  renderer.cpp
C:\Users\User\OneDrive\Documentos\UPF\3rd YEAR\3rd TERM\GTR_Framework_Lab1\src\extra\cJSON.h(103,16): warning C4099: 'cJSON': nombre de tipo visto anteriormente usando 'class' ahora se ve usando 'struct'
  (compilando archivo de origen "../../src/pipeline/renderer.cpp")
  C:\Users\User\OneDrive\Documentos\UPF\3rd YEAR\3rd TERM\GTR_Framework_Lab1\src\extra\cJSON.h(103,16):
  vea la declaración de 'cJSON'
  
C:\Users\User\OneDrive\Documentos\UPF\3rd YEAR\3rd TERM\GTR_Framework_Lab1\src\pipeline\renderer.cpp(133,23): warning C4244: 'argumento': conversión de 'int' a 'T'; posible pérdida de datos
C:\Users\User\OneDrive\Documentos\UPF\3rd YEAR\3rd TERM\GTR_Framework_Lab1\src\pipeline\renderer.cpp(133,23): warning C4244:         with
C:\Users\User\OneDrive\Documentos\UPF\3rd YEAR\3rd TERM\GTR_Framework_Lab1\src\pipeline\renderer.cpp(133,23): warning C4244:         [
C:\Users\User\OneDrive\Documentos\UPF\3rd YEAR\3rd TERM\GTR_Framework_Lab1\src\pipeline\renderer.cpp(133,23): warning C4244:             T=float
C:\Users\User\OneDrive\Documentos\UPF\3rd YEAR\3rd TERM\GTR_Framework_Lab1\src\pipeline\renderer.cpp(133,23): warning C4244:         ]
C:\Users\User\OneDrive\Documentos\UPF\3rd YEAR\3rd TERM\GTR_Framework_Lab1\src\pipeline\renderer.cpp(133,20): warning C4244: 'argumento': conversión de 'int' a 'T'; posible pérdida de datos
C:\Users\User\OneDrive\Documentos\UPF\3rd YEAR\3rd TERM\GTR_Framework_Lab1\src\pipeline\renderer.cpp(133,20): warning C4244:         with
C:\Users\User\OneDrive\Documentos\UPF\3rd YEAR\3rd TERM\GTR_Framework_Lab1\src\pipeline\renderer.cpp(133,20): warning C4244:         [
C:\Users\User\OneDrive\Documentos\UPF\3rd YEAR\3rd TERM\GTR_Framework_Lab1\src\pipeline\renderer.cpp(133,20): warning C4244:             T=float
C:\Users\User\OneDrive\Documentos\UPF\3rd YEAR\3rd TERM\GTR_Framework_Lab1\src\pipeline\renderer.cpp(133,20): warning C4244:         ]
C:\Users\User\OneDrive\Documentos\UPF\3rd YEAR\3rd TERM\GTR_Framework_Lab1\src\pipeline\renderer.cpp(133,17): warning C4244: 'argumento': conversión de 'int' a 'T'; posible pérdida de datos
C:\Users\User\OneDrive\Documentos\UPF\3rd YEAR\3rd TERM\GTR_Framework_Lab1\src\pipeline\renderer.cpp(133,17): warning C4244:         with
C:\Users\User\OneDrive\Documentos\UPF\3rd YEAR\3rd TERM\GTR_Framework_Lab1\src\pipeline\renderer.cpp(133,17): warning C4244:         [
C:\Users\User\OneDrive\Documentos\UPF\3rd YEAR\3rd TERM\GTR_Framework_Lab1\src\pipeline\renderer.cpp(133,17): warning C4244:             T=float
C:\Users\User\OneDrive\Documentos\UPF\3rd YEAR\3rd TERM\GTR_Framework_Lab1\src\pipeline\renderer.cpp(133,17): warning C4244:         ]
C:\Users\User\OneDrive\Documentos\UPF\3rd YEAR\3rd TERM\GTR_Framework_Lab1\src\pipeline\renderer.cpp(136,41): warning C4244: '=': conversión de 'T' a 'int'; posible pérdida de datos
C:\Users\User\OneDrive\Documentos\UPF\3rd YEAR\3rd TERM\GTR_Framework_Lab1\src\pipeline\renderer.cpp(136,41): warning C4244:         with
C:\Users\User\OneDrive\Documentos\UPF\3rd YEAR\3rd TERM\GTR_Framework_Lab1\src\pipeline\renderer.cpp(136,41): warning C4244:         [
C:\Users\User\OneDrive\Documentos\UPF\3rd YEAR\3rd TERM\GTR_Framework_Lab1\src\pipeline\renderer.cpp(136,41): warning C4244:             T=float
C:\Users\User\OneDrive\Documentos\UPF\3rd YEAR\3rd TERM\GTR_Framework_Lab1\src\pipeline\renderer.cpp(136,41): warning C4244:         ]
C:\Users\User\OneDrive\Documentos\UPF\3rd YEAR\3rd TERM\GTR_Framework_Lab1\src\pipeline\renderer.cpp(141,41): warning C4244: 'argumento': conversión de 'int' a 'T'; posible pérdida de datos
C:\Users\User\OneDrive\Documentos\UPF\3rd YEAR\3rd TERM\GTR_Framework_Lab1\src\pipeline\renderer.cpp(141,41): warning C4244:         with
C:\Users\User\OneDrive\Documentos\UPF\3rd YEAR\3rd TERM\GTR_Framework_Lab1\src\pipeline\renderer.cpp(141,41): warning C4244:         [
C:\Users\User\OneDrive\Documentos\UPF\3rd YEAR\3rd TERM\GTR_Framework_Lab1\src\pipeline\renderer.cpp(141,41): warning C4244:             T=float
C:\Users\User\OneDrive\Documentos\UPF\3rd YEAR\3rd TERM\GTR_Framework_Lab1\src\pipeline\renderer.cpp(141,41): warning C4244:         ]
C:\Users\User\OneDrive\Documentos\UPF\3rd YEAR\3rd TERM\GTR_Framework_Lab1\src\pipeline\renderer.cpp(141,38): warning C4244: 'argumento': conversión de 'int' a 'T'; posible pérdida de datos
C:\Users\User\OneDrive\Documentos\UPF\3rd YEAR\3rd TERM\GTR_Framework_Lab1\src\pipeline\renderer.cpp(141,38): warning C4244:         with
C:\Users\User\OneDrive\Documentos\UPF\3rd YEAR\3rd TERM\GTR_Framework_Lab1\src\pipeline\renderer.cpp(141,38): warning C4244:         [
C:\Users\User\OneDrive\Documentos\UPF\3rd YEAR\3rd TERM\GTR_Framework_Lab1\src\pipeline\renderer.cpp(141,38): warning C4244:             T=float
C:\Users\User\OneDrive\Documentos\UPF\3rd YEAR\3rd TERM\GTR_Framework_Lab1\src\pipeline\renderer.cpp(141,38): warning C4244:         ]
C:\Users\User\OneDrive\Documentos\UPF\3rd YEAR\3rd TERM\GTR_Framework_Lab1\src\pipeline\renderer.cpp(141,35): warning C4244: 'argumento': conversión de 'int' a 'T'; posible pérdida de datos
C:\Users\User\OneDrive\Documentos\UPF\3rd YEAR\3rd TERM\GTR_Framework_Lab1\src\pipeline\renderer.cpp(141,35): warning C4244:         with
C:\Users\User\OneDrive\Documentos\UPF\3rd YEAR\3rd TERM\GTR_Framework_Lab1\src\pipeline\renderer.cpp(141,35): warning C4244:         [
C:\Users\User\OneDrive\Documentos\UPF\3rd YEAR\3rd TERM\GTR_Framework_Lab1\src\pipeline\renderer.cpp(141,35): warning C4244:             T=float
C:\Users\User\OneDrive\Documentos\UPF\3rd YEAR\3rd TERM\GTR_Framework_Lab1\src\pipeline\renderer.cpp(141,35): warning C4244:         ]
C:\Users\User\OneDrive\Documentos\UPF\3rd YEAR\3rd TERM\GTR_Framework_Lab1\src\pipeline\renderer.cpp(266,99): warning C4244: 'argumento': conversión de 'double' a 'float'; posible pérdida de datos
C:\Users\User\OneDrive\Documentos\UPF\3rd YEAR\3rd TERM\GTR_Framework_Lab1\src\pipeline\renderer.cpp(266,79): warning C4244: 'argumento': conversión de 'double' a 'float'; posible pérdida de datos
C:\Users\User\OneDrive\Documentos\UPF\3rd YEAR\3rd TERM\GTR_Framework_Lab1\src\pipeline\renderer.cpp(266,60): warning C4244: 'argumento': conversión de 'double' a 'float'; posible pérdida de datos
C:\Users\User\OneDrive\Documentos\UPF\3rd YEAR\3rd TERM\GTR_Framework_Lab1\src\pipeline\renderer.cpp(266,40): warning C4244: 'argumento': conversión de 'double' a 'float'; posible pérdida de datos
C:\Users\User\OneDrive\Documentos\UPF\3rd YEAR\3rd TERM\GTR_Framework_Lab1\src\pipeline\renderer.cpp(380,32): warning C4244: 'argumento': conversión de 'T' a 'int'; posible pérdida de datos
C:\Users\User\OneDrive\Documentos\UPF\3rd YEAR\3rd TERM\GTR_Framework_Lab1\src\pipeline\renderer.cpp(380,32): warning C4244:         with
C:\Users\User\OneDrive\Documentos\UPF\3rd YEAR\3rd TERM\GTR_Framework_Lab1\src\pipeline\renderer.cpp(380,32): warning C4244:         [
C:\Users\User\OneDrive\Documentos\UPF\3rd YEAR\3rd TERM\GTR_Framework_Lab1\src\pipeline\renderer.cpp(380,32): warning C4244:             T=float
C:\Users\User\OneDrive\Documentos\UPF\3rd YEAR\3rd TERM\GTR_Framework_Lab1\src\pipeline\renderer.cpp(380,32): warning C4244:         ]
C:\Users\User\OneDrive\Documentos\UPF\3rd YEAR\3rd TERM\GTR_Framework_Lab1\src\pipeline\renderer.cpp(380,24): warning C4244: 'argumento': conversión de 'T' a 'int'; posible pérdida de datos
C:\Users\User\OneDrive\Documentos\UPF\3rd YEAR\3rd TERM\GTR_Framework_Lab1\src\pipeline\renderer.cpp(380,24): warning C4244:         with
C:\Users\User\OneDrive\Documentos\UPF\3rd YEAR\3rd TERM\GTR_Framework_Lab1\src\pipeline\renderer.cpp(380,24): warning C4244:         [
C:\Users\User\OneDrive\Documentos\UPF\3rd YEAR\3rd TERM\GTR_Framework_Lab1\src\pipeline\renderer.cpp(380,24): warning C4244:             T=float
C:\Users\User\OneDrive\Documentos\UPF\3rd YEAR\3rd TERM\GTR_Framework_Lab1\src\pipeline\renderer.cpp(380,24): warning C4244:         ]
C:\Users\User\OneDrive\Documentos\UPF\3rd YEAR\3rd TERM\GTR_Framework_Lab1\src\pipeline\renderer.cpp(385,36): warning C4244: 'argumento': conversión de 'T' a 'int'; posible pérdida de datos
C:\Users\User\OneDrive\Documentos\UPF\3rd YEAR\3rd TERM\GTR_Framework_Lab1\src\pipeline\renderer.cpp(385,36): warning C4244:         with
C:\Users\User\OneDrive\Documentos\UPF\3rd YEAR\3rd TERM\GTR_Framework_Lab1\src\pipeline\renderer.cpp(385,36): warning C4244:         [
C:\Users\User\OneDrive\Documentos\UPF\3rd YEAR\3rd TERM\GTR_Framework_Lab1\src\pipeline\renderer.cpp(385,36): warning C4244:             T=float
C:\Users\User\OneDrive\Documentos\UPF\3rd YEAR\3rd TERM\GTR_Framework_Lab1\src\pipeline\renderer.cpp(385,36): warning C4244:         ]
C:\Users\User\OneDrive\Documentos\UPF\3rd YEAR\3rd TERM\GTR_Framework_Lab1\src\pipeline\renderer.cpp(385,28): warning C4244: 'argumento': conversión de 'T' a 'int'; posible pérdida de datos
C:\Users\User\OneDrive\Documentos\UPF\3rd YEAR\3rd TERM\GTR_Framework_Lab1\src\pipeline\renderer.cpp(385,28): warning C4244:         with
C:\Users\User\OneDrive\Documentos\UPF\3rd YEAR\3rd TERM\GTR_Framework_Lab1\src\pipeline\renderer.cpp(385,28): warning C4244:         [
C:\Users\User\OneDrive\Documentos\UPF\3rd YEAR\3rd TERM\GTR_Framework_Lab1\src\pipeline\renderer.cpp(385,28): warning C4244:             T=float
C:\Users\User\OneDrive\Documentos\UPF\3rd YEAR\3rd TERM\GTR_Framework_Lab1\src\pipeline\renderer.cpp(385,28): warning C4244:         ]
C:\Users\User\OneDrive\Documentos\UPF\3rd YEAR\3rd TERM\GTR_Framework_Lab1\src\pipeline\renderer.cpp(394,32): warning C4244: 'argumento': conversión de 'T' a 'int'; posible pérdida de datos
C:\Users\User\OneDrive\Documentos\UPF\3rd YEAR\3rd TERM\GTR_Framework_Lab1\src\pipeline\renderer.cpp(394,32): warning C4244:         with
C:\Users\User\OneDrive\Documentos\UPF\3rd YEAR\3rd TERM\GTR_Framework_Lab1\src\pipeline\renderer.cpp(394,32): warning C4244:         [
C:\Users\User\OneDrive\Documentos\UPF\3rd YEAR\3rd TERM\GTR_Framework_Lab1\src\pipeline\renderer.cpp(394,32): warning C4244:             T=float
C:\Users\User\OneDrive\Documentos\UPF\3rd YEAR\3rd TERM\GTR_Framework_Lab1\src\pipeline\renderer.cpp(394,32): warning C4244:         ]
C:\Users\User\OneDrive\Documentos\UPF\3rd YEAR\3rd TERM\GTR_Framework_Lab1\src\pipeline\renderer.cpp(394,24): warning C4244: 'argumento': conversión de 'T' a 'int'; posible pérdida de datos
C:\Users\User\OneDrive\Documentos\UPF\3rd YEAR\3rd TERM\GTR_Framework_Lab1\src\pipeline\renderer.cpp(394,24): warning C4244:         with
C:\Users\User\OneDrive\Documentos\UPF\3rd YEAR\3rd TERM\GTR_Framework_Lab1\src\pipeline\renderer.cpp(394,24): warning C4244:         [
C:\Users\User\OneDrive\Documentos\UPF\3rd YEAR\3rd TERM\GTR_Framework_Lab1\src\pipeline\renderer.cpp(394,24): warning C4244:             T=float
C:\Users\User\OneDrive\Documentos\UPF\3rd YEAR\3rd TERM\GTR_Framework_Lab1\src\pipeline\renderer.cpp(394,24): warning C4244:         ]
C:\Users\User\OneDrive\Documentos\UPF\3rd YEAR\3rd TERM\GTR_Framework_Lab1\src\pipeline\renderer.cpp(401,34): warning C4244: 'argumento': conversión de 'T' a 'int'; posible pérdida de datos
C:\Users\User\OneDrive\Documentos\UPF\3rd YEAR\3rd TERM\GTR_Framework_Lab1\src\pipeline\renderer.cpp(401,34): warning C4244:         with
C:\Users\User\OneDrive\Documentos\UPF\3rd YEAR\3rd TERM\GTR_Framework_Lab1\src\pipeline\renderer.cpp(401,34): warning C4244:         [
C:\Users\User\OneDrive\Documentos\UPF\3rd YEAR\3rd TERM\GTR_Framework_Lab1\src\pipeline\renderer.cpp(401,34): warning C4244:             T=float
C:\Users\User\OneDrive\Documentos\UPF\3rd YEAR\3rd TERM\GTR_Framework_Lab1\src\pipeline\renderer.cpp(401,34): warning C4244:         ]
C:\Users\User\OneDrive\Documentos\UPF\3rd YEAR\3rd TERM\GTR_Framework_Lab1\src\pipeline\renderer.cpp(401,26): warning C4244: 'argumento': conversión de 'T' a 'int'; posible pérdida de datos
C:\Users\User\OneDrive\Documentos\UPF\3rd YEAR\3rd TERM\GTR_Framework_Lab1\src\pipeline\renderer.cpp(401,26): warning C4244:         with
C:\Users\User\OneDrive\Documentos\UPF\3rd YEAR\3rd TERM\GTR_Framework_Lab1\src\pipeline\renderer.cpp(401,26): warning C4244:         [
C:\Users\User\OneDrive\Documentos\UPF\3rd YEAR\3rd TERM\GTR_Framework_Lab1\src\pipeline\renderer.cpp(401,26): warning C4244:             T=float
C:\Users\User\OneDrive\Documentos\UPF\3rd YEAR\3rd TERM\GTR_Framework_Lab1\src\pipeline\renderer.cpp(401,26): warning C4244:         ]
C:\Users\User\OneDrive\Documentos\UPF\3rd YEAR\3rd TERM\GTR_Framework_Lab1\src\pipeline\renderer.cpp(442,94): warning C4244: 'argumento': conversión de 'double' a 'T'; posible pérdida de datos
C:\Users\User\OneDrive\Documentos\UPF\3rd YEAR\3rd TERM\GTR_Framework_Lab1\src\pipeline\renderer.cpp(442,94): warning C4244:         with
C:\Users\User\OneDrive\Documentos\UPF\3rd YEAR\3rd TERM\GTR_Framework_Lab1\src\pipeline\renderer.cpp(442,94): warning C4244:         [
C:\Users\User\OneDrive\Documentos\UPF\3rd YEAR\3rd TERM\GTR_Framework_Lab1\src\pipeline\renderer.cpp(442,94): warning C4244:             T=float
C:\Users\User\OneDrive\Documentos\UPF\3rd YEAR\3rd TERM\GTR_Framework_Lab1\src\pipeline\renderer.cpp(442,94): warning C4244:         ]
C:\Users\User\OneDrive\Documentos\UPF\3rd YEAR\3rd TERM\GTR_Framework_Lab1\src\pipeline\renderer.cpp(442,45): warning C4244: 'argumento': conversión de 'double' a 'T'; posible pérdida de datos
C:\Users\User\OneDrive\Documentos\UPF\3rd YEAR\3rd TERM\GTR_Framework_Lab1\src\pipeline\renderer.cpp(442,45): warning C4244:         with
C:\Users\User\OneDrive\Documentos\UPF\3rd YEAR\3rd TERM\GTR_Framework_Lab1\src\pipeline\renderer.cpp(442,45): warning C4244:         [
C:\Users\User\OneDrive\Documentos\UPF\3rd YEAR\3rd TERM\GTR_Framework_Lab1\src\pipeline\renderer.cpp(442,45): warning C4244:             T=float
C:\Users\User\OneDrive\Documentos\UPF\3rd YEAR\3rd TERM\GTR_Framework_Lab1\src\pipeline\renderer.cpp(442,45): warning C4244:         ]
C:\Users\User\OneDrive\Documentos\UPF\3rd YEAR\3rd TERM\GTR_Framework_Lab1\src\pipeline\renderer.cpp(509,54): warning C4244: 'argumento': conversión de 'double' a 'T'; posible pérdida de datos
C:\Users\User\OneDrive\Documentos\UPF\3rd YEAR\3rd TERM\GTR_Framework_Lab1\src\pipeline\renderer.cpp(509,54): warning C4244:         with
C:\Users\User\OneDrive\Documentos\UPF\3rd YEAR\3rd TERM\GTR_Framework_Lab1\src\pipeline\renderer.cpp(509,54): warning C4244:         [
C:\Users\User\OneDrive\Documentos\UPF\3rd YEAR\3rd TERM\GTR_Framework_Lab1\src\pipeline\renderer.cpp(509,54): warning C4244:             T=float
C:\Users\User\OneDrive\Documentos\UPF\3rd YEAR\3rd TERM\GTR_Framework_Lab1\src\pipeline\renderer.cpp(509,54): warning C4244:         ]
C:\Users\User\OneDrive\Documentos\UPF\3rd YEAR\3rd TERM\GTR_Framework_Lab1\src\pipeline\renderer.cpp(509,40): warning C4244: 'argumento': conversión de 'double' a 'T'; posible pérdida de datos
C:\Users\User\OneDrive\Documentos\UPF\3rd YEAR\3rd TERM\GTR_Framework_Lab1\src\pipeline\renderer.cpp(509,40): warning C4244:         with
C:\Users\User\OneDrive\Documentos\UPF\3rd YEAR\3rd TERM\GTR_Framework_Lab1\src\pipeline\renderer.cpp(509,40): warning C4244:         [
C:\Users\User\OneDrive\Documentos\UPF\3rd YEAR\3rd TERM\GTR_Framework_Lab1\src\pipeline\renderer.cpp(509,40): warning C4244:             T=float
C:\Users\User\OneDrive\Documentos\UPF\3rd YEAR\3rd TERM\GTR_Framework_Lab1\src\pipeline\renderer.cpp(509,40): warning C4244:         ]
C:\Users\User\OneDrive\Documentos\UPF\3rd YEAR\3rd TERM\GTR_Framework_Lab1\src\pipeline\renderer.cpp(529,55): warning C4244: 'argumento': conversión de 'double' a 'T'; posible pérdida de datos
C:\Users\User\OneDrive\Documentos\UPF\3rd YEAR\3rd TERM\GTR_Framework_Lab1\src\pipeline\renderer.cpp(529,55): warning C4244:         with
C:\Users\User\OneDrive\Documentos\UPF\3rd YEAR\3rd TERM\GTR_Framework_Lab1\src\pipeline\renderer.cpp(529,55): warning C4244:         [
C:\Users\User\OneDrive\Documentos\UPF\3rd YEAR\3rd TERM\GTR_Framework_Lab1\src\pipeline\renderer.cpp(529,55): warning C4244:             T=float
C:\Users\User\OneDrive\Documentos\UPF\3rd YEAR\3rd TERM\GTR_Framework_Lab1\src\pipeline\renderer.cpp(529,55): warning C4244:         ]
C:\Users\User\OneDrive\Documentos\UPF\3rd YEAR\3rd TERM\GTR_Framework_Lab1\src\pipeline\renderer.cpp(529,41): warning C4244: 'argumento': conversión de 'double' a 'T'; posible pérdida de datos
C:\Users\User\OneDrive\Documentos\UPF\3rd YEAR\3rd TERM\GTR_Framework_Lab1\src\pipeline\renderer.cpp(529,41): warning C4244:         with
C:\Users\User\OneDrive\Documentos\UPF\3rd YEAR\3rd TERM\GTR_Framework_Lab1\src\pipeline\renderer.cpp(529,41): warning C4244:         [
C:\Users\User\OneDrive\Documentos\UPF\3rd YEAR\3rd TERM\GTR_Framework_Lab1\src\pipeline\renderer.cpp(529,41): warning C4244:             T=float
C:\Users\User\OneDrive\Documentos\UPF\3rd YEAR\3rd TERM\GTR_Framework_Lab1\src\pipeline\renderer.cpp(529,41): warning C4244:         ]
C:\Users\User\OneDrive\Documentos\UPF\3rd YEAR\3rd TERM\GTR_Framework_Lab1\src\pipeline\renderer.cpp(722,59): warning C4244: 'argumento': conversión de 'double' a 'T'; posible pérdida de datos
C:\Users\User\OneDrive\Documentos\UPF\3rd YEAR\3rd TERM\GTR_Framework_Lab1\src\pipeline\renderer.cpp(722,59): warning C4244:         with
C:\Users\User\OneDrive\Documentos\UPF\3rd YEAR\3rd TERM\GTR_Framework_Lab1\src\pipeline\renderer.cpp(722,59): warning C4244:         [
C:\Users\User\OneDrive\Documentos\UPF\3rd YEAR\3rd TERM\GTR_Framework_Lab1\src\pipeline\renderer.cpp(722,59): warning C4244:             T=float
C:\Users\User\OneDrive\Documentos\UPF\3rd YEAR\3rd TERM\GTR_Framework_Lab1\src\pipeline\renderer.cpp(722,59): warning C4244:         ]
C:\Users\User\OneDrive\Documentos\UPF\3rd YEAR\3rd TERM\GTR_Framework_Lab1\src\pipeline\renderer.cpp(722,45): warning C4244: 'argumento': conversión de 'double' a 'T'; posible pérdida de datos
C:\Users\User\OneDrive\Documentos\UPF\3rd YEAR\3rd TERM\GTR_Framework_Lab1\src\pipeline\renderer.cpp(722,45): warning C4244:         with
C:\Users\User\OneDrive\Documentos\UPF\3rd YEAR\3rd TERM\GTR_Framework_Lab1\src\pipeline\renderer.cpp(722,45): warning C4244:         [
C:\Users\User\OneDrive\Documentos\UPF\3rd YEAR\3rd TERM\GTR_Framework_Lab1\src\pipeline\renderer.cpp(722,45): warning C4244:             T=float
C:\Users\User\OneDrive\Documentos\UPF\3rd YEAR\3rd TERM\GTR_Framework_Lab1\src\pipeline\renderer.cpp(722,45): warning C4244:         ]
C:\Users\User\OneDrive\Documentos\UPF\3rd YEAR\3rd TERM\GTR_Framework_Lab1\src\pipeline\renderer.cpp(739,59): warning C4244: 'argumento': conversión de 'double' a 'T'; posible pérdida de datos
C:\Users\User\OneDrive\Documentos\UPF\3rd YEAR\3rd TERM\GTR_Framework_Lab1\src\pipeline\renderer.cpp(739,59): warning C4244:         with
C:\Users\User\OneDrive\Documentos\UPF\3rd YEAR\3rd TERM\GTR_Framework_Lab1\src\pipeline\renderer.cpp(739,59): warning C4244:         [
C:\Users\User\OneDrive\Documentos\UPF\3rd YEAR\3rd TERM\GTR_Framework_Lab1\src\pipeline\renderer.cpp(739,59): warning C4244:             T=float
C:\Users\User\OneDrive\Documentos\UPF\3rd YEAR\3rd TERM\GTR_Framework_Lab1\src\pipeline\renderer.cpp(739,59): warning C4244:         ]
C:\Users\User\OneDrive\Documentos\UPF\3rd YEAR\3rd TERM\GTR_Framework_Lab1\src\pipeline\renderer.cpp(739,47): warning C4244: 'argumento': conversión de 'double' a 'T'; posible pérdida de datos
C:\Users\User\OneDrive\Documentos\UPF\3rd YEAR\3rd TERM\GTR_Framework_Lab1\src\pipeline\renderer.cpp(739,47): warning C4244:         with
C:\Users\User\OneDrive\Documentos\UPF\3rd YEAR\3rd TERM\GTR_Framework_Lab1\src\pipeline\renderer.cpp(739,47): warning C4244:         [
C:\Users\User\OneDrive\Documentos\UPF\3rd YEAR\3rd TERM\GTR_Framework_Lab1\src\pipeline\renderer.cpp(739,47): warning C4244:             T=float
C:\Users\User\OneDrive\Documentos\UPF\3rd YEAR\3rd TERM\GTR_Framework_Lab1\src\pipeline\renderer.cpp(739,47): warning C4244:         ]
C:\Users\User\OneDrive\Documentos\UPF\3rd YEAR\3rd TERM\GTR_Framework_Lab1\src\pipeline\renderer.cpp(799,52): warning C4244: 'argumento': conversión de 'double' a 'GLsizei'; posible pérdida de datos
C:\Users\User\OneDrive\Documentos\UPF\3rd YEAR\3rd TERM\GTR_Framework_Lab1\src\pipeline\renderer.cpp(799,38): warning C4244: 'argumento': conversión de 'double' a 'GLsizei'; posible pérdida de datos
C:\Users\User\OneDrive\Documentos\UPF\3rd YEAR\3rd TERM\GTR_Framework_Lab1\src\pipeline\renderer.cpp(799,24): warning C4244: 'argumento': conversión de 'double' a 'GLint'; posible pérdida de datos
C:\Users\User\OneDrive\Documentos\UPF\3rd YEAR\3rd TERM\GTR_Framework_Lab1\src\pipeline\renderer.cpp(802,63): warning C4244: 'argumento': conversión de 'double' a 'GLsizei'; posible pérdida de datos
C:\Users\User\OneDrive\Documentos\UPF\3rd YEAR\3rd TERM\GTR_Framework_Lab1\src\pipeline\renderer.cpp(802,49): warning C4244: 'argumento': conversión de 'double' a 'GLsizei'; posible pérdida de datos
C:\Users\User\OneDrive\Documentos\UPF\3rd YEAR\3rd TERM\GTR_Framework_Lab1\src\pipeline\renderer.cpp(802,35): warning C4244: 'argumento': conversión de 'double' a 'GLint'; posible pérdida de datos
C:\Users\User\OneDrive\Documentos\UPF\3rd YEAR\3rd TERM\GTR_Framework_Lab1\src\pipeline\renderer.cpp(802,21): warning C4244: 'argumento': conversión de 'double' a 'GLint'; posible pérdida de datos
C:\Users\User\OneDrive\Documentos\UPF\3rd YEAR\3rd TERM\GTR_Framework_Lab1\src\pipeline\renderer.cpp(805,54): warning C4244: 'argumento': conversión de 'double' a 'GLsizei'; posible pérdida de datos
C:\Users\User\OneDrive\Documentos\UPF\3rd YEAR\3rd TERM\GTR_Framework_Lab1\src\pipeline\renderer.cpp(805,40): warning C4244: 'argumento': conversión de 'double' a 'GLsizei'; posible pérdida de datos
C:\Users\User\OneDrive\Documentos\UPF\3rd YEAR\3rd TERM\GTR_Framework_Lab1\src\pipeline\renderer.cpp(805,28): warning C4244: 'argumento': conversión de 'double' a 'GLint'; posible pérdida de datos
C:\Users\User\OneDrive\Documentos\UPF\3rd YEAR\3rd TERM\GTR_Framework_Lab1\src\pipeline\renderer.cpp(805,21): warning C4244: 'argumento': conversión de 'double' a 'GLint'; posible pérdida de datos
C:\Users\User\OneDrive\Documentos\UPF\3rd YEAR\3rd TERM\GTR_Framework_Lab1\src\pipeline\renderer.cpp(809,41): warning C4244: 'argumento': conversión de 'double' a 'GLsizei'; posible pérdida de datos
C:\Users\User\OneDrive\Documentos\UPF\3rd YEAR\3rd TERM\GTR_Framework_Lab1\src\pipeline\renderer.cpp(809,27): warning C4244: 'argumento': conversión de 'double' a 'GLsizei'; posible pérdida de datos
C:\Users\User\OneDrive\Documentos\UPF\3rd YEAR\3rd TERM\GTR_Framework_Lab1\src\pipeline\renderer.cpp(817,32): warning C4244: 'argumento': conversión de 'T' a 'GLsizei'; posible pérdida de datos
C:\Users\User\OneDrive\Documentos\UPF\3rd YEAR\3rd TERM\GTR_Framework_Lab1\src\pipeline\renderer.cpp(817,32): warning C4244:         with
C:\Users\User\OneDrive\Documentos\UPF\3rd YEAR\3rd TERM\GTR_Framework_Lab1\src\pipeline\renderer.cpp(817,32): warning C4244:         [
C:\Users\User\OneDrive\Documentos\UPF\3rd YEAR\3rd TERM\GTR_Framework_Lab1\src\pipeline\renderer.cpp(817,32): warning C4244:             T=float
C:\Users\User\OneDrive\Documentos\UPF\3rd YEAR\3rd TERM\GTR_Framework_Lab1\src\pipeline\renderer.cpp(817,32): warning C4244:         ]
C:\Users\User\OneDrive\Documentos\UPF\3rd YEAR\3rd TERM\GTR_Framework_Lab1\src\pipeline\renderer.cpp(817,24): warning C4244: 'argumento': conversión de 'T' a 'GLsizei'; posible pérdida de datos
C:\Users\User\OneDrive\Documentos\UPF\3rd YEAR\3rd TERM\GTR_Framework_Lab1\src\pipeline\renderer.cpp(817,24): warning C4244:         with
C:\Users\User\OneDrive\Documentos\UPF\3rd YEAR\3rd TERM\GTR_Framework_Lab1\src\pipeline\renderer.cpp(817,24): warning C4244:         [
C:\Users\User\OneDrive\Documentos\UPF\3rd YEAR\3rd TERM\GTR_Framework_Lab1\src\pipeline\renderer.cpp(817,24): warning C4244:             T=float
C:\Users\User\OneDrive\Documentos\UPF\3rd YEAR\3rd TERM\GTR_Framework_Lab1\src\pipeline\renderer.cpp(817,24): warning C4244:         ]
C:\Users\User\OneDrive\Documentos\UPF\3rd YEAR\3rd TERM\GTR_Framework_Lab1\src\pipeline\renderer.cpp(880,20): warning C4018: '<': no coinciden signed/unsigned
C:\Users\User\OneDrive\Documentos\UPF\3rd YEAR\3rd TERM\GTR_Framework_Lab1\src\pipeline\renderer.cpp(1085,10): warning C4244: 'inicializando': conversión de 'long' a 'float'; posible pérdida de datos
C:\Users\User\OneDrive\Documentos\UPF\3rd YEAR\3rd TERM\GTR_Framework_Lab1\src\pipeline\renderer.cpp(1180,10): warning C4244: 'inicializando': conversión de 'long' a 'float'; posible pérdida de datos
C:\Users\User\OneDrive\Documentos\UPF\3rd YEAR\3rd TERM\GTR_Framework_Lab1\src\pipeline\renderer.cpp(1308,28): warning C4305: 'argumento': truncamiento de 'double' a 'float'
C:\Users\User\OneDrive\Documentos\UPF\3rd YEAR\3rd TERM\GTR_Framework_Lab1\src\pipeline\renderer.cpp(1353,73): warning C4244: 'inicializando': conversión de 'T' a 'unsigned int'; posible pérdida de datos
C:\Users\User\OneDrive\Documentos\UPF\3rd YEAR\3rd TERM\GTR_Framework_Lab1\src\pipeline\renderer.cpp(1353,73): warning C4244:         with
C:\Users\User\OneDrive\Documentos\UPF\3rd YEAR\3rd TERM\GTR_Framework_Lab1\src\pipeline\renderer.cpp(1353,73): warning C4244:         [
C:\Users\User\OneDrive\Documentos\UPF\3rd YEAR\3rd TERM\GTR_Framework_Lab1\src\pipeline\renderer.cpp(1353,73): warning C4244:             T=float
C:\Users\User\OneDrive\Documentos\UPF\3rd YEAR\3rd TERM\GTR_Framework_Lab1\src\pipeline\renderer.cpp(1353,73): warning C4244:         ]
C:\Users\User\OneDrive\Documentos\UPF\3rd YEAR\3rd TERM\GTR_Framework_Lab1\src\pipeline\renderer.cpp(1356,20): warning C4018: '<': no coinciden signed/unsigned
C:\Users\User\OneDrive\Documentos\UPF\3rd YEAR\3rd TERM\GTR_Framework_Lab1\src\pipeline\renderer.cpp(1423,28): warning C4305: 'argumento': truncamiento de 'double' a 'float'
C:\Users\User\OneDrive\Documentos\UPF\3rd YEAR\3rd TERM\GTR_Framework_Lab1\src\pipeline\renderer.cpp(1458,45): warning C4244: 'argumento': conversión de 'T' a 'int'; posible pérdida de datos
C:\Users\User\OneDrive\Documentos\UPF\3rd YEAR\3rd TERM\GTR_Framework_Lab1\src\pipeline\renderer.cpp(1458,45): warning C4244:         with
C:\Users\User\OneDrive\Documentos\UPF\3rd YEAR\3rd TERM\GTR_Framework_Lab1\src\pipeline\renderer.cpp(1458,45): warning C4244:         [
C:\Users\User\OneDrive\Documentos\UPF\3rd YEAR\3rd TERM\GTR_Framework_Lab1\src\pipeline\renderer.cpp(1458,45): warning C4244:             T=float
C:\Users\User\OneDrive\Documentos\UPF\3rd YEAR\3rd TERM\GTR_Framework_Lab1\src\pipeline\renderer.cpp(1458,45): warning C4244:         ]
C:\Users\User\OneDrive\Documentos\UPF\3rd YEAR\3rd TERM\GTR_Framework_Lab1\src\pipeline\renderer.cpp(1458,37): warning C4244: 'argumento': conversión de 'T' a 'int'; posible pérdida de datos
C:\Users\User\OneDrive\Documentos\UPF\3rd YEAR\3rd TERM\GTR_Framework_Lab1\src\pipeline\renderer.cpp(1458,37): warning C4244:         with
C:\Users\User\OneDrive\Documentos\UPF\3rd YEAR\3rd TERM\GTR_Framework_Lab1\src\pipeline\renderer.cpp(1458,37): warning C4244:         [
C:\Users\User\OneDrive\Documentos\UPF\3rd YEAR\3rd TERM\GTR_Framework_Lab1\src\pipeline\renderer.cpp(1458,37): warning C4244:             T=float
C:\Users\User\OneDrive\Documentos\UPF\3rd YEAR\3rd TERM\GTR_Framework_Lab1\src\pipeline\renderer.cpp(1458,37): warning C4244:         ]
C:\Users\User\OneDrive\Documentos\UPF\3rd YEAR\3rd TERM\GTR_Framework_Lab1\src\pipeline\renderer.cpp(1489,85): warning C4244: 'argumento': conversión de 'double' a 'T'; posible pérdida de datos
C:\Users\User\OneDrive\Documentos\UPF\3rd YEAR\3rd TERM\GTR_Framework_Lab1\src\pipeline\renderer.cpp(1489,85): warning C4244:         with
C:\Users\User\OneDrive\Documentos\UPF\3rd YEAR\3rd TERM\GTR_Framework_Lab1\src\pipeline\renderer.cpp(1489,85): warning C4244:         [
C:\Users\User\OneDrive\Documentos\UPF\3rd YEAR\3rd TERM\GTR_Framework_Lab1\src\pipeline\renderer.cpp(1489,85): warning C4244:             T=float
C:\Users\User\OneDrive\Documentos\UPF\3rd YEAR\3rd TERM\GTR_Framework_Lab1\src\pipeline\renderer.cpp(1489,85): warning C4244:         ]
C:\Users\User\OneDrive\Documentos\UPF\3rd YEAR\3rd TERM\GTR_Framework_Lab1\src\pipeline\renderer.cpp(1489,50): warning C4244: 'argumento': conversión de 'double' a 'T'; posible pérdida de datos
C:\Users\User\OneDrive\Documentos\UPF\3rd YEAR\3rd TERM\GTR_Framework_Lab1\src\pipeline\renderer.cpp(1489,50): warning C4244:         with
C:\Users\User\OneDrive\Documentos\UPF\3rd YEAR\3rd TERM\GTR_Framework_Lab1\src\pipeline\renderer.cpp(1489,50): warning C4244:         [
C:\Users\User\OneDrive\Documentos\UPF\3rd YEAR\3rd TERM\GTR_Framework_Lab1\src\pipeline\renderer.cpp(1489,50): warning C4244:             T=float
C:\Users\User\OneDrive\Documentos\UPF\3rd YEAR\3rd TERM\GTR_Framework_Lab1\src\pipeline\renderer.cpp(1489,50): warning C4244:         ]
C:\Users\User\OneDrive\Documentos\UPF\3rd YEAR\3rd TERM\GTR_Framework_Lab1\src\pipeline\renderer.cpp(1553,59): warning C4244: 'argumento': conversión de 'float' a 'int'; posible pérdida de datos
C:\Users\User\OneDrive\Documentos\UPF\3rd YEAR\3rd TERM\GTR_Framework_Lab1\src\pipeline\renderer.cpp(1553,53): warning C4244: 'argumento': conversión de 'float' a 'int'; posible pérdida de datos
     Creando biblioteca ..\..\GTR.lib y objeto ..\..\GTR.exp
LINK : warning LNK4098: la biblioteca predeterminada'LIBCMT' entra en conflicto con otras bibliotecas; use la biblioteca /NODEFAULTLIB:biblioteca
  Generando código
  1 of 6110 functions (<0.1%) were compiled, the rest were copied from previous compilation.
    0 functions were new in current compilation
    67 functions had inline decision re-evaluated but remain unchanged
  Generación de código finalizada
glew32s.lib(glew.obj) : warning LNK4099: no se encontró PDB '' con 'glew32s.lib(glew.obj)' o en ''; se vinculará el objeto sin tener en cuenta información de depuración
  visualstudio.vcxproj -> C:\Users\User\OneDrive\Documentos\UPF\3rd YEAR\3rd TERM\GTR_Framework_Lab1\GTR.exe
